[0930/172754.997:ERROR:process_memory_win.cc(73)] ReadMemory at 0x247e48839e0 of 72 bytes failed: Only part of a ReadProcessMemory or WriteProcessMemory request was completed. (0x12B)
[0930/172754.998:WARNING:pe_image_annotations_reader.cc(134)] could not read annotations list object in C:\Program Files (x86)\Google\Chrome\Application\77.0.3865.90\chrome_elf.dll
[0930/172754.999:ERROR:process_memory_win.cc(73)] ReadMemory at 0x247e46c0000 of 64 bytes failed: Only part of a ReadProcessMemory or WriteProcessMemory request was completed. (0x12B)
[0930/172754.999:WARNING:pe_image_reader.cc(340)] could not read dos header from C:\WINDOWS\System32\sechost.dll
[0930/172754.999:ERROR:process_memory_win.cc(73)] ReadMemory at 0x247e4ac6bb0 of 72 bytes failed: Only part of a ReadProcessMemory or WriteProcessMemory request was completed. (0x12B)
[0930/172754.999:WARNING:pe_image_annotations_reader.cc(134)] could not read annotations list object in C:\Program Files (x86)\Google\Chrome\Application\77.0.3865.90\chrome_child.dll
[0930/172755.001:ERROR:process_memory_win.cc(73)] ReadMemory at 0x247e48839e0 of 72 bytes failed: Only part of a ReadProcessMemory or WriteProcessMemory request was completed. (0x12B)
[0930/172755.001:WARNING:pe_image_annotations_reader.cc(134)] could not read annotations list object in C:\Program Files (x86)\Google\Chrome\Application\77.0.3865.90\chrome_elf.dll
[0930/172755.001:ERROR:process_memory_win.cc(73)] ReadMemory at 0x247e46c0000 of 64 bytes failed: Only part of a ReadProcessMemory or WriteProcessMemory request was completed. (0x12B)
[0930/172755.001:WARNING:pe_image_reader.cc(340)] could not read dos header from C:\WINDOWS\System32\sechost.dll
[0930/172755.001:ERROR:process_memory_win.cc(73)] ReadMemory at 0x247e4ac6bb0 of 72 bytes failed: Only part of a ReadProcessMemory or WriteProcessMemory request was completed. (0x12B)
[0930/172755.001:WARNING:pe_image_annotations_reader.cc(134)] could not read annotations list object in C:\Program Files (x86)\Google\Chrome\Application\77.0.3865.90\chrome_child.dll
[0930/172755.025:ERROR:process_memory_win.cc(73)] ReadMemory at 0x9642dee000 of 73728 bytes failed: Only part of a ReadProcessMemory or WriteProcessMemory request was completed. (0x12B)
[0930/172755.025:ERROR:process_memory_win.cc(73)] ReadMemory at 0x96435fd000 of 12288 bytes failed: Only part of a ReadProcessMemory or WriteProcessMemory request was completed. (0x12B)
[0930/172755.025:ERROR:process_memory_win.cc(73)] ReadMemory at 0x96445fc000 of 16384 bytes failed: Only part of a ReadProcessMemory or WriteProcessMemory request was completed. (0x12B)
[0930/172755.026:ERROR:process_memory_win.cc(73)] ReadMemory at 0x9644dfc000 of 16384 bytes failed: Only part of a ReadProcessMemory or WriteProcessMemory request was completed. (0x12B)
[0930/172755.026:ERROR:process_memory_win.cc(73)] ReadMemory at 0x96455fe000 of 8192 bytes failed: Only part of a ReadProcessMemory or WriteProcessMemory request was completed. (0x12B)
[0930/172755.026:ERROR:process_memory_win.cc(73)] ReadMemory at 0x9645dfd000 of 12288 bytes failed: Only part of a ReadProcessMemory or WriteProcessMemory request was completed. (0x12B)
[0930/172755.026:ERROR:process_memory_win.cc(73)] ReadMemory at 0x96465fb000 of 20480 bytes failed: Only part of a ReadProcessMemory or WriteProcessMemory request was completed. (0x12B)
[0930/172755.026:ERROR:process_memory_win.cc(73)] ReadMemory at 0x96475f5000 of 45056 bytes failed: Only part of a ReadProcessMemory or WriteProcessMemory request was completed. (0x12B)
[0930/172755.027:ERROR:process_memory_win.cc(73)] ReadMemory at 0x9647df5000 of 45056 bytes failed: Only part of a ReadProcessMemory or WriteProcessMemory request was completed. (0x12B)
[0930/172755.027:ERROR:process_memory_win.cc(73)] ReadMemory at 0x96485fd000 of 12288 bytes failed: Only part of a ReadProcessMemory or WriteProcessMemory request was completed. (0x12B)
[0930/172755.027:ERROR:process_memory_win.cc(73)] ReadMemory at 0x9648dfc000 of 16384 bytes failed: Only part of a ReadProcessMemory or WriteProcessMemory request was completed. (0x12B)
[0930/172755.028:ERROR:process_memory_win.cc(73)] ReadMemory at 0x9643dfd000 of 12288 bytes failed: Only part of a ReadProcessMemory or WriteProcessMemory request was completed. (0x12B)
[0930/172755.028:ERROR:process_memory_win.cc(73)] ReadMemory at 0x9646dfd000 of 12288 bytes failed: Only part of a ReadProcessMemory or WriteProcessMemory request was completed. (0x12B)
[0930/172755.028:ERROR:process_memory_win.cc(73)] ReadMemory at 0x96424c6000 of 852 bytes failed: Only part of a ReadProcessMemory or WriteProcessMemory request was completed. (0x12B)
[0930/172755.028:ERROR:process_memory_win.cc(73)] ReadMemory at 0x96424c7000 of 6024 bytes failed: Only part of a ReadProcessMemory or WriteProcessMemory request was completed. (0x12B)
[0930/172755.028:ERROR:process_memory_win.cc(73)] ReadMemory at 0x96424c9000 of 6024 bytes failed: Only part of a ReadProcessMemory or WriteProcessMemory request was completed. (0x12B)
[0930/172755.029:ERROR:process_memory_win.cc(73)] ReadMemory at 0x96424cd000 of 6024 bytes failed: Only part of a ReadProcessMemory or WriteProcessMemory request was completed. (0x12B)
[0930/172755.029:ERROR:process_memory_win.cc(73)] ReadMemory at 0x96424cf000 of 6024 bytes failed: Only part of a ReadProcessMemory or WriteProcessMemory request was completed. (0x12B)
[0930/172755.029:ERROR:process_memory_win.cc(73)] ReadMemory at 0x96424d1000 of 6024 bytes failed: Only part of a ReadProcessMemory or WriteProcessMemory request was completed. (0x12B)
[0930/172755.029:ERROR:process_memory_win.cc(73)] ReadMemory at 0x96424d3000 of 6024 bytes failed: Only part of a ReadProcessMemory or WriteProcessMemory request was completed. (0x12B)
[0930/172755.029:ERROR:process_memory_win.cc(73)] ReadMemory at 0x96424d5000 of 6024 bytes failed: Only part of a ReadProcessMemory or WriteProcessMemory request was completed. (0x12B)
[0930/172755.029:ERROR:process_memory_win.cc(73)] ReadMemory at 0x96424d9000 of 6024 bytes failed: Only part of a ReadProcessMemory or WriteProcessMemory request was completed. (0x12B)
[0930/172755.029:ERROR:process_memory_win.cc(73)] ReadMemory at 0x96424db000 of 6024 bytes failed: Only part of a ReadProcessMemory or WriteProcessMemory request was completed. (0x12B)
[0930/172755.030:ERROR:process_memory_win.cc(73)] ReadMemory at 0x96424dd000 of 6024 bytes failed: Only part of a ReadProcessMemory or WriteProcessMemory request was completed. (0x12B)
[0930/172755.030:ERROR:process_memory_win.cc(73)] ReadMemory at 0x96424df000 of 6024 bytes failed: Only part of a ReadProcessMemory or WriteProcessMemory request was completed. (0x12B)
[0930/172755.030:ERROR:process_memory_win.cc(73)] ReadMemory at 0x96424e3000 of 6024 bytes failed: Only part of a ReadProcessMemory or WriteProcessMemory request was completed. (0x12B)
[0930/172755.030:ERROR:process_memory_win.cc(73)] ReadMemory at 0x96424e5000 of 6024 bytes failed: Only part of a ReadProcessMemory or WriteProcessMemory request was completed. (0x12B)
[0930/172755.030:ERROR:process_memory_win.cc(73)] ReadMemory at 0x247e44d0ab0 of 512 bytes failed: Only part of a ReadProcessMemory or WriteProcessMemory request was completed. (0x12B)
[0930/172755.030:ERROR:process_memory_win.cc(73)] ReadMemory at 0x247e44d0fc0 of 4804 bytes failed: Only part of a ReadProcessMemory or WriteProcessMemory request was completed. (0x12B)
[0930/172755.030:ERROR:process_memory_win.cc(73)] ReadMemory at 0x247e44d2290 of 1012 bytes failed: Only part of a ReadProcessMemory or WriteProcessMemory request was completed. (0x12B)
[0930/172755.030:ERROR:process_memory_win.cc(73)] ReadMemory at 0x247e44d28a8 of 118 bytes failed: Only part of a ReadProcessMemory or WriteProcessMemory request was completed. (0x12B)
[0930/172755.030:ERROR:process_memory_win.cc(73)] ReadMemory at 0x247e44d2920 of 1312 bytes failed: Only part of a ReadProcessMemory or WriteProcessMemory request was completed. (0x12B)
[0930/172755.030:ERROR:process_memory_win.cc(73)] ReadMemory at 0x247e44d2e42 of 118 bytes failed: Only part of a ReadProcessMemory or WriteProcessMemory request was completed. (0x12B)
[0930/172755.030:ERROR:process_memory_win.cc(73)] ReadMemory at 0x247e44d2eba of 96 bytes failed: Only part of a ReadProcessMemory or WriteProcessMemory request was completed. (0x12B)
[0930/172755.030:ERROR:process_memory_win.cc(73)] ReadMemory at 0x247e44d2f30 of 58 bytes failed: Only part of a ReadProcessMemory or WriteProcessMemory request was completed. (0x12B)
[0930/172755.031:ERROR:process_memory_win.cc(73)] ReadMemory at 0x247e44d3030 of 132 bytes failed: Only part of a ReadProcessMemory or WriteProcessMemory request was completed. (0x12B)
[0930/172755.031:ERROR:process_memory_win.cc(73)] ReadMemory at 0x247e44d31c0 of 132 bytes failed: Only part of a ReadProcessMemory or WriteProcessMemory request was completed. (0x12B)
[0930/172755.031:ERROR:process_memory_win.cc(73)] ReadMemory at 0x247e44d3380 of 124 bytes failed: Only part of a ReadProcessMemory or WriteProcessMemory request was completed. (0x12B)
[0930/172755.031:ERROR:process_memory_win.cc(73)] ReadMemory at 0x247e44d3760 of 132 bytes failed: Only part of a ReadProcessMemory or WriteProcessMemory request was completed. (0x12B)
[0930/172755.031:ERROR:process_memory_win.cc(73)] ReadMemory at 0x247e44d38f0 of 64 bytes failed: Only part of a ReadProcessMemory or WriteProcessMemory request was completed. (0x12B)
[0930/172755.031:ERROR:process_memory_win.cc(73)] ReadMemory at 0x247e44d3940 of 132 bytes failed: Only part of a ReadProcessMemory or WriteProcessMemory request was completed. (0x12B)
[0930/172755.031:ERROR:process_memory_win.cc(73)] ReadMemory at 0x247e44d3d40 of 132 bytes failed: Only part of a ReadProcessMemory or WriteProcessMemory request was completed. (0x12B)
[0930/172755.031:ERROR:process_memory_win.cc(73)] ReadMemory at 0x247e44d3ed0 of 68 bytes failed: Only part of a ReadProcessMemory or WriteProcessMemory request was completed. (0x12B)
[0930/172755.031:ERROR:process_memory_win.cc(73)] ReadMemory at 0x247e44d4da0 of 132 bytes failed: Only part of a ReadProcessMemory or WriteProcessMemory request was completed. (0x12B)
[0930/172755.031:ERROR:process_memory_win.cc(73)] ReadMemory at 0x247e44d4f10 of 132 bytes failed: Only part of a ReadProcessMemory or WriteProcessMemory request was completed. (0x12B)
[0930/172755.031:ERROR:process_memory_win.cc(73)] ReadMemory at 0x247e44d5040 of 152 bytes failed: Only part of a ReadProcessMemory or WriteProcessMemory request was completed. (0x12B)
[0930/172755.032:ERROR:process_memory_win.cc(73)] ReadMemory at 0x247e44d5bc0 of 132 bytes failed: Only part of a ReadProcessMemory or WriteProcessMemory request was completed. (0x12B)
[0930/172755.032:ERROR:process_memory_win.cc(73)] ReadMemory at 0x247e44d5e80 of 62 bytes failed: Only part of a ReadProcessMemory or WriteProcessMemory request was completed. (0x12B)
[0930/172755.032:ERROR:process_memory_win.cc(73)] ReadMemory at 0x247e44d6070 of 132 bytes failed: Only part of a ReadProcessMemory or WriteProcessMemory request was completed. (0x12B)
[0930/172755.032:ERROR:process_memory_win.cc(73)] ReadMemory at 0x247e44d61a0 of 60 bytes failed: Only part of a ReadProcessMemory or WriteProcessMemory request was completed. (0x12B)
[0930/172755.032:ERROR:process_memory_win.cc(73)] ReadMemory at 0x247e44d9aea of 512 bytes failed: Only part of a ReadProcessMemory or WriteProcessMemory request was completed. (0x12B)
[0930/172755.032:ERROR:process_memory_win.cc(73)] ReadMemory at 0x247e44d9f00 of 132 bytes failed: Only part of a ReadProcessMemory or WriteProcessMemory request was completed. (0x12B)
[0930/172755.032:ERROR:process_memory_win.cc(73)] ReadMemory at 0x247e44daf80 of 64 bytes failed: Only part of a ReadProcessMemory or WriteProcessMemory request was completed. (0x12B)
[0930/172755.032:ERROR:process_memory_win.cc(73)] ReadMemory at 0x247e44dafd0 of 64 bytes failed: Only part of a ReadProcessMemory or WriteProcessMemory request was completed. (0x12B)
[0930/172755.032:ERROR:process_memory_win.cc(73)] ReadMemory at 0x247e44db020 of 64 bytes failed: Only part of a ReadProcessMemory or WriteProcessMemory request was completed. (0x12B)
[0930/172755.032:ERROR:process_memory_win.cc(73)] ReadMemory at 0x247e44db070 of 62 bytes failed: Only part of a ReadProcessMemory or WriteProcessMemory request was completed. (0x12B)
[0930/172755.032:ERROR:process_memory_win.cc(73)] ReadMemory at 0x247e44db0c0 of 66 bytes failed: Only part of a ReadProcessMemory or WriteProcessMemory request was completed. (0x12B)
[0930/172755.033:ERROR:process_memory_win.cc(73)] ReadMemory at 0x247e44db110 of 66 bytes failed: Only part of a ReadProcessMemory or WriteProcessMemory request was completed. (0x12B)
[0930/172755.033:ERROR:process_memory_win.cc(73)] ReadMemory at 0x247e44db160 of 60 bytes failed: Only part of a ReadProcessMemory or WriteProcessMemory request was completed. (0x12B)
[0930/172755.033:ERROR:process_memory_win.cc(73)] ReadMemory at 0x247e44db1b0 of 62 bytes failed: Only part of a ReadProcessMemory or WriteProcessMemory request was completed. (0x12B)
[0930/172755.033:ERROR:process_memory_win.cc(73)] ReadMemory at 0x247e44db200 of 58 bytes failed: Only part of a ReadProcessMemory or WriteProcessMemory request was completed. (0x12B)
[0930/172755.033:ERROR:process_memory_win.cc(73)] ReadMemory at 0x247e44db250 of 60 bytes failed: Only part of a ReadProcessMemory or WriteProcessMemory request was completed. (0x12B)
[0930/172755.033:ERROR:process_memory_win.cc(73)] ReadMemory at 0x247e44db2a0 of 60 bytes failed: Only part of a ReadProcessMemory or WriteProcessMemory request was completed. (0x12B)
[0930/172755.033:ERROR:process_memory_win.cc(73)] ReadMemory at 0x247e44db2f0 of 62 bytes failed: Only part of a ReadProcessMemory or WriteProcessMemory request was completed. (0x12B)
[0930/172755.033:ERROR:process_memory_win.cc(73)] ReadMemory at 0x247e44db340 of 60 bytes failed: Only part of a ReadProcessMemory or WriteProcessMemory request was completed. (0x12B)
[0930/172755.033:ERROR:process_memory_win.cc(73)] ReadMemory at 0x247e44db3e0 of 58 bytes failed: Only part of a ReadProcessMemory or WriteProcessMemory request was completed. (0x12B)
[0930/172755.034:ERROR:process_memory_win.cc(73)] ReadMemory at 0x247e44db480 of 64 bytes failed: Only part of a ReadProcessMemory or WriteProcessMemory request was completed. (0x12B)
[0930/172755.034:ERROR:process_memory_win.cc(73)] ReadMemory at 0x247e44db4d0 of 64 bytes failed: Only part of a ReadProcessMemory or WriteProcessMemory request was completed. (0x12B)
[0930/172755.034:ERROR:process_memory_win.cc(73)] ReadMemory at 0x247e44db520 of 60 bytes failed: Only part of a ReadProcessMemory or WriteProcessMemory request was completed. (0x12B)
[0930/172755.034:ERROR:process_memory_win.cc(73)] ReadMemory at 0x247e44db5c0 of 62 bytes failed: Only part of a ReadProcessMemory or WriteProcessMemory request was completed. (0x12B)
[0930/172755.034:ERROR:process_memory_win.cc(73)] ReadMemory at 0x247e44db610 of 60 bytes failed: Only part of a ReadProcessMemory or WriteProcessMemory request was completed. (0x12B)
[0930/172755.034:ERROR:process_memory_win.cc(73)] ReadMemory at 0x247e44db660 of 62 bytes failed: Only part of a ReadProcessMemory or WriteProcessMemory request was completed. (0x12B)
[0930/172755.034:ERROR:process_memory_win.cc(73)] ReadMemory at 0x247e44db740 of 132 bytes failed: Only part of a ReadProcessMemory or WriteProcessMemory request was completed. (0x12B)
[0930/172755.034:ERROR:process_memory_win.cc(73)] ReadMemory at 0x247e44db910 of 132 bytes failed: Only part of a ReadProcessMemory or WriteProcessMemory request was completed. (0x12B)
[0930/172755.034:ERROR:process_memory_win.cc(73)] ReadMemory at 0x247e44dbaa0 of 80 bytes failed: Only part of a ReadProcessMemory or WriteProcessMemory request was completed. (0x12B)
[0930/172755.034:ERROR:process_memory_win.cc(73)] ReadMemory at 0x247e44dbb50 of 132 bytes failed: Only part of a ReadProcessMemory or WriteProcessMemory request was completed. (0x12B)
[0930/172755.035:ERROR:process_memory_win.cc(73)] ReadMemory at 0x247e44dbc80 of 132 bytes failed: Only part of a ReadProcessMemory or WriteProcessMemory request was completed. (0x12B)
[0930/172755.035:ERROR:process_memory_win.cc(73)] ReadMemory at 0x247e44dbdb0 of 132 bytes failed: Only part of a ReadProcessMemory or WriteProcessMemory request was completed. (0x12B)
[0930/172755.035:ERROR:process_memory_win.cc(73)] ReadMemory at 0x247e44dbee0 of 132 bytes failed: Only part of a ReadProcessMemory or WriteProcessMemory request was completed. (0x12B)
[0930/172755.035:ERROR:process_memory_win.cc(73)] ReadMemory at 0x247e44dc010 of 132 bytes failed: Only part of a ReadProcessMemory or WriteProcessMemory request was completed. (0x12B)
[0930/172755.035:ERROR:process_memory_win.cc(73)] ReadMemory at 0x247e44dc140 of 132 bytes failed: Only part of a ReadProcessMemory or WriteProcessMemory request was completed. (0x12B)
[0930/172755.035:ERROR:process_memory_win.cc(73)] ReadMemory at 0x247e44dc270 of 132 bytes failed: Only part of a ReadProcessMemory or WriteProcessMemory request was completed. (0x12B)
[0930/172755.035:ERROR:process_memory_win.cc(73)] ReadMemory at 0x247e44dc3a0 of 132 bytes failed: Only part of a ReadProcessMemory or WriteProcessMemory request was completed. (0x12B)
[0930/172755.035:ERROR:process_memory_win.cc(73)] ReadMemory at 0x247e44dc4d0 of 132 bytes failed: Only part of a ReadProcessMemory or WriteProcessMemory request was completed. (0x12B)
[0930/172755.036:ERROR:process_memory_win.cc(73)] ReadMemory at 0x247e44dc600 of 132 bytes failed: Only part of a ReadProcessMemory or WriteProcessMemory request was completed. (0x12B)
[0930/172755.036:ERROR:process_memory_win.cc(73)] ReadMemory at 0x247e44dc730 of 132 bytes failed: Only part of a ReadProcessMemory or WriteProcessMemory request was completed. (0x12B)
[0930/172755.036:ERROR:process_memory_win.cc(73)] ReadMemory at 0x247e44dc860 of 132 bytes failed: Only part of a ReadProcessMemory or WriteProcessMemory request was completed. (0x12B)
[0930/172755.036:ERROR:process_memory_win.cc(73)] ReadMemory at 0x247e44df3c0 of 132 bytes failed: Only part of a ReadProcessMemory or WriteProcessMemory request was completed. (0x12B)
[0930/172755.036:ERROR:process_memory_win.cc(73)] ReadMemory at 0x247e44df4f0 of 156 bytes failed: Only part of a ReadProcessMemory or WriteProcessMemory request was completed. (0x12B)
[0930/172755.036:ERROR:process_memory_win.cc(73)] ReadMemory at 0x247e44df940 of 54 bytes failed: Only part of a ReadProcessMemory or WriteProcessMemory request was completed. (0x12B)
[0930/172755.036:ERROR:process_memory_win.cc(73)] ReadMemory at 0x247e44dfdc0 of 132 bytes failed: Only part of a ReadProcessMemory or WriteProcessMemory request was completed. (0x12B)
[0930/172755.036:ERROR:process_memory_win.cc(73)] ReadMemory at 0x247e44dffd0 of 132 bytes failed: Only part of a ReadProcessMemory or WriteProcessMemory request was completed. (0x12B)
[0930/172755.036:ERROR:process_memory_win.cc(73)] ReadMemory at 0x247e44e0960 of 132 bytes failed: Only part of a ReadProcessMemory or WriteProcessMemory request was completed. (0x12B)
[0930/172755.036:ERROR:process_memory_win.cc(73)] ReadMemory at 0x247e44e2c00 of 132 bytes failed: Only part of a ReadProcessMemory or WriteProcessMemory request was completed. (0x12B)
[0930/172755.037:ERROR:process_memory_win.cc(73)] ReadMemory at 0x247e44e5a00 of 132 bytes failed: Only part of a ReadProcessMemory or WriteProcessMemory request was completed. (0x12B)
[0930/172755.037:ERROR:process_memory_win.cc(73)] ReadMemory at 0x247e44e5c60 of 132 bytes failed: Only part of a ReadProcessMemory or WriteProcessMemory request was completed. (0x12B)
[0930/172755.037:ERROR:process_memory_win.cc(73)] ReadMemory at 0x247e44e5d90 of 132 bytes failed: Only part of a ReadProcessMemory or WriteProcessMemory request was completed. (0x12B)
[0930/172755.037:ERROR:process_memory_win.cc(73)] ReadMemory at 0x247e44e5ec0 of 132 bytes failed: Only part of a ReadProcessMemory or WriteProcessMemory request was completed. (0x12B)
[0930/172755.037:ERROR:process_memory_win.cc(73)] ReadMemory at 0x247e44e5ff0 of 132 bytes failed: Only part of a ReadProcessMemory or WriteProcessMemory request was completed. (0x12B)
[0930/172755.037:ERROR:process_memory_win.cc(73)] ReadMemory at 0x247e44e6120 of 132 bytes failed: Only part of a ReadProcessMemory or WriteProcessMemory request was completed. (0x12B)
[0930/172755.037:ERROR:process_memory_win.cc(73)] ReadMemory at 0x247e44e6250 of 132 bytes failed: Only part of a ReadProcessMemory or WriteProcessMemory request was completed. (0x12B)
[0930/172755.037:ERROR:process_memory_win.cc(73)] ReadMemory at 0x247e44e6380 of 132 bytes failed: Only part of a ReadProcessMemory or WriteProcessMemory request was completed. (0x12B)
[0930/172755.038:ERROR:process_memory_win.cc(73)] ReadMemory at 0x247e44e64b0 of 132 bytes failed: Only part of a ReadProcessMemory or WriteProcessMemory request was completed. (0x12B)
[0930/172755.038:ERROR:process_memory_win.cc(73)] ReadMemory at 0x247e44e65e0 of 132 bytes failed: Only part of a ReadProcessMemory or WriteProcessMemory request was completed. (0x12B)
[0930/172755.038:ERROR:process_memory_win.cc(73)] ReadMemory at 0x247e44e6710 of 132 bytes failed: Only part of a ReadProcessMemory or WriteProcessMemory request was completed. (0x12B)
[0930/172755.038:ERROR:process_memory_win.cc(73)] ReadMemory at 0x247e44e6840 of 132 bytes failed: Only part of a ReadProcessMemory or WriteProcessMemory request was completed. (0x12B)
[0930/172755.038:ERROR:process_memory_win.cc(73)] ReadMemory at 0x247e44e6aa0 of 132 bytes failed: Only part of a ReadProcessMemory or WriteProcessMemory request was completed. (0x12B)
[0930/172755.038:ERROR:process_memory_win.cc(73)] ReadMemory at 0x247e44e6bd0 of 132 bytes failed: Only part of a ReadProcessMemory or WriteProcessMemory request was completed. (0x12B)
[0930/172755.038:ERROR:process_memory_win.cc(73)] ReadMemory at 0x247e44e6e30 of 132 bytes failed: Only part of a ReadProcessMemory or WriteProcessMemory request was completed. (0x12B)
[0930/172755.038:ERROR:process_memory_win.cc(73)] ReadMemory at 0x247e44e7090 of 132 bytes failed: Only part of a ReadProcessMemory or WriteProcessMemory request was completed. (0x12B)
[0930/172755.038:ERROR:process_memory_win.cc(73)] ReadMemory at 0x247e44e72f0 of 132 bytes failed: Only part of a ReadProcessMemory or WriteProcessMemory request was completed. (0x12B)
[0930/172755.038:ERROR:process_memory_win.cc(73)] ReadMemory at 0x247e44e7420 of 132 bytes failed: Only part of a ReadProcessMemory or WriteProcessMemory request was completed. (0x12B)
[0930/172755.038:ERROR:process_memory_win.cc(73)] ReadMemory at 0x247e44e7550 of 132 bytes failed: Only part of a ReadProcessMemory or WriteProcessMemory request was completed. (0x12B)
[0930/172755.039:ERROR:process_memory_win.cc(73)] ReadMemory at 0x247e44e7c40 of 76 bytes failed: Only part of a ReadProcessMemory or WriteProcessMemory request was completed. (0x12B)
[0930/172755.039:ERROR:process_memory_win.cc(73)] ReadMemory at 0x247e44e7d00 of 78 bytes failed: Only part of a ReadProcessMemory or WriteProcessMemory request was completed. (0x12B)
[0930/172755.039:ERROR:process_memory_win.cc(73)] ReadMemory at 0x247e44e9900 of 64 bytes failed: Only part of a ReadProcessMemory or WriteProcessMemory request was completed. (0x12B)
[0930/172755.039:ERROR:process_memory_win.cc(73)] ReadMemory at 0x247e44e99f0 of 62 bytes failed: Only part of a ReadProcessMemory or WriteProcessMemory request was completed. (0x12B)
[0930/172755.039:ERROR:process_memory_win.cc(73)] ReadMemory at 0x247e44e9b80 of 62 bytes failed: Only part of a ReadProcessMemory or WriteProcessMemory request was completed. (0x12B)
[0930/172755.039:ERROR:process_memory_win.cc(73)] ReadMemory at 0x247e44e9cc0 of 62 bytes failed: Only part of a ReadProcessMemory or WriteProcessMemory request was completed. (0x12B)
[0930/172755.039:ERROR:process_memory_win.cc(73)] ReadMemory at 0x247e44e9db0 of 64 bytes failed: Only part of a ReadProcessMemory or WriteProcessMemory request was completed. (0x12B)
[0930/172755.039:ERROR:process_memory_win.cc(73)] ReadMemory at 0x247e44e9e00 of 60 bytes failed: Only part of a ReadProcessMemory or WriteProcessMemory request was completed. (0x12B)
[0930/172755.039:ERROR:process_memory_win.cc(73)] ReadMemory at 0x247e44e9e50 of 66 bytes failed: Only part of a ReadProcessMemory or WriteProcessMemory request was completed. (0x12B)
[0930/172755.039:ERROR:process_memory_win.cc(73)] ReadMemory at 0x247e44e9ef0 of 62 bytes failed: Only part of a ReadProcessMemory or WriteProcessMemory request was completed. (0x12B)
[0930/172755.039:ERROR:process_memory_win.cc(73)] ReadMemory at 0x247e44ea080 of 60 bytes failed: Only part of a ReadProcessMemory or WriteProcessMemory request was completed. (0x12B)
[0930/172755.040:ERROR:process_memory_win.cc(73)] ReadMemory at 0x247e44ea210 of 58 bytes failed: Only part of a ReadProcessMemory or WriteProcessMemory request was completed. (0x12B)
[0930/172755.040:ERROR:process_memory_win.cc(73)] ReadMemory at 0x247e44ea300 of 62 bytes failed: Only part of a ReadProcessMemory or WriteProcessMemory request was completed. (0x12B)
[0930/172755.040:ERROR:process_memory_win.cc(73)] ReadMemory at 0x247e44ea350 of 64 bytes failed: Only part of a ReadProcessMemory or WriteProcessMemory request was completed. (0x12B)
[0930/172755.040:ERROR:process_memory_win.cc(73)] ReadMemory at 0x247e44ea440 of 60 bytes failed: Only part of a ReadProcessMemory or WriteProcessMemory request was completed. (0x12B)
[0930/172755.040:ERROR:process_memory_win.cc(73)] ReadMemory at 0x247e44ea490 of 62 bytes failed: Only part of a ReadProcessMemory or WriteProcessMemory request was completed. (0x12B)
[0930/172755.040:ERROR:process_memory_win.cc(73)] ReadMemory at 0x247e44ea620 of 62 bytes failed: Only part of a ReadProcessMemory or WriteProcessMemory request was completed. (0x12B)
[0930/172755.040:ERROR:process_memory_win.cc(73)] ReadMemory at 0x247e44ea850 of 64 bytes failed: Only part of a ReadProcessMemory or WriteProcessMemory request was completed. (0x12B)
[0930/172755.040:ERROR:process_memory_win.cc(73)] ReadMemory at 0x247e45017b0 of 512 bytes failed: Only part of a ReadProcessMemory or WriteProcessMemory request was completed. (0x12B)
[0930/172755.040:ERROR:process_memory_win.cc(73)] ReadMemory at 0x247e4503850 of 512 bytes failed: Only part of a ReadProcessMemory or WriteProcessMemory request was completed. (0x12B)
[0930/172755.040:ERROR:process_memory_win.cc(73)] ReadMemory at 0x247e4505c30 of 512 bytes failed: Only part of a ReadProcessMemory or WriteProcessMemory request was completed. (0x12B)
[0930/172755.040:ERROR:process_memory_win.cc(73)] ReadMemory at 0x247e4af1da8 of 512 bytes failed: Only part of a ReadProcessMemory or WriteProcessMemory request was completed. (0x12B)
[0930/172755.041:ERROR:process_memory_win.cc(73)] ReadMemory at 0x247e4af22e0 of 512 bytes failed: Only part of a ReadProcessMemory or WriteProcessMemory request was completed. (0x12B)
[0930/172755.041:ERROR:process_memory_win.cc(73)] ReadMemory at 0x247e4af7580 of 512 bytes failed: Only part of a ReadProcessMemory or WriteProcessMemory request was completed. (0x12B)
[0930/172755.041:ERROR:process_memory_win.cc(73)] ReadMemory at 0x247e4af9ec0 of 512 bytes failed: Only part of a ReadProcessMemory or WriteProcessMemory request was completed. (0x12B)
[0930/172755.041:ERROR:process_memory_win.cc(73)] ReadMemory at 0x247e4b12878 of 512 bytes failed: Only part of a ReadProcessMemory or WriteProcessMemory request was completed. (0x12B)
[0930/172755.041:ERROR:process_memory_win.cc(73)] ReadMemory at 0x247e4b1f080 of 712 bytes failed: Only part of a ReadProcessMemory or WriteProcessMemory request was completed. (0x12B)
[0930/172755.041:ERROR:process_memory_win.cc(73)] ReadMemory at 0x247e4b399c8 of 512 bytes failed: Only part of a ReadProcessMemory or WriteProcessMemory request was completed. (0x12B)
[0930/172755.041:ERROR:process_memory_win.cc(73)] ReadMemory at 0x247e4b3a118 of 512 bytes failed: Only part of a ReadProcessMemory or WriteProcessMemory request was completed. (0x12B)
[0930/172755.041:ERROR:process_memory_win.cc(73)] ReadMemory at 0x247e4b3a478 of 512 bytes failed: Only part of a ReadProcessMemory or WriteProcessMemory request was completed. (0x12B)
[0930/172755.041:ERROR:process_memory_win.cc(73)] ReadMemory at 0x247e6845d30 of 512 bytes failed: Only part of a ReadProcessMemory or WriteProcessMemory request was completed. (0x12B)
[0930/172755.041:ERROR:process_memory_win.cc(73)] ReadMemory at 0x247e68a9198 of 512 bytes failed: Only part of a ReadProcessMemory or WriteProcessMemory request was completed. (0x12B)
[0930/172755.042:ERROR:process_memory_win.cc(73)] ReadMemory at 0x247e697c060 of 512 bytes failed: Only part of a ReadProcessMemory or WriteProcessMemory request was completed. (0x12B)
[0930/172755.042:ERROR:process_memory_win.cc(73)] ReadMemory at 0x247e7270ec0 of 512 bytes failed: Only part of a ReadProcessMemory or WriteProcessMemory request was completed. (0x12B)
[0930/172755.042:ERROR:process_memory_win.cc(73)] ReadMemory at 0x247e730c540 of 512 bytes failed: Only part of a ReadProcessMemory or WriteProcessMemory request was completed. (0x12B)
[0930/172755.042:ERROR:process_memory_win.cc(73)] ReadMemory at 0x247e73f7d00 of 512 bytes failed: Only part of a ReadProcessMemory or WriteProcessMemory request was completed. (0x12B)
[0930/172755.042:ERROR:process_memory_win.cc(73)] ReadMemory at 0x7ffabc536ac1 of 512 bytes failed: Only part of a ReadProcessMemory or WriteProcessMemory request was completed. (0x12B)
[0930/172755.042:ERROR:process_memory_win.cc(73)] ReadMemory at 0x7ffabcb16acc of 512 bytes failed: Only part of a ReadProcessMemory or WriteProcessMemory request was completed. (0x12B)
[0930/172755.042:ERROR:process_memory_win.cc(73)] ReadMemory at 0x7ffabf651b2a of 512 bytes failed: Only part of a ReadProcessMemory or WriteProcessMemory request was completed. (0x12B)
[0930/172755.042:ERROR:process_memory_win.cc(73)] ReadMemory at 0x7ffaf5bca308 of 512 bytes failed: Only part of a ReadProcessMemory or WriteProcessMemory request was completed. (0x12B)
[0930/172755.046:ERROR:scoped_process_suspend.cc(40)] NtResumeProcess: An attempt was made to access an exiting process. (0xc000010a)
